<?xml version="1.0" encoding="UTF-8"?>
<!-- Generated by org.testng.reporters.JUnitXMLReporter -->
<testsuite ignored="0" hostname="MacBook-Pro.local" failures="0" tests="3" name=" Login Test" time="108.821" errors="0" timestamp="2021-04-21T20:18:02 IST">
  <testcase classname="com.FreeCRM.testcases.LoginTest" name="loginPageTitleTest" time="0.026"/>
  <testcase classname="com.FreeCRM.testcases.LoginTest" name="crmLogoImageTest" time="0.289"/>
  <testcase classname="com.FreeCRM.testcases.LoginTest" name="loginTest" time="17.606"/>
</testsuite> <!--  Login Test -->
