<?xml version="1.0" encoding="UTF-8"?>
<!-- Generated by org.testng.reporters.JUnitXMLReporter -->
<testsuite ignored="0" hostname="MacBook-Pro.local" failures="0" tests="3" name="HomePage Test" time="128.718" errors="0" timestamp="2021-04-24T16:25:26 IST">
  <testcase classname="com.FreeCRM.testcases.HomePageTest" name="verifyHomePageTitleTest" time="0.022"/>
  <testcase classname="com.FreeCRM.testcases.HomePageTest" name="verifyUserNameTest" time="1.201"/>
  <testcase classname="com.FreeCRM.testcases.HomePageTest" name="goToContactsLinkTest" time="5.017"/>
</testsuite> <!-- HomePage Test -->
