<?xml version="1.0" encoding="UTF-8"?>
<!-- Generated by org.testng.reporters.JUnitXMLReporter -->
<testsuite ignored="0" hostname="MacBook-Pro.local" failures="0" tests="5" name="Login Test" time="194.657" errors="0" timestamp="2021-04-24T16:23:17 IST">
  <testcase classname="com.FreeCRM.testcases.LoginTest" name="loginPageTitleTest" time="0.026"/>
  <testcase classname="com.FreeCRM.testcases.LoginTest" name="crmLogoImageTest" time="0.101"/>
  <testcase classname="com.FreeCRM.testcases.LoginTest" name="loginTest" time="3.619"/>
  <testcase classname="com.FreeCRM.testcases.LoginTest" name="loginTest" time="3.437"/>
  <testcase classname="com.FreeCRM.testcases.LoginTest" name="loginTest" time="3.485"/>
</testsuite> <!-- Login Test -->
