<?xml version="1.0" encoding="UTF-8"?>
<!-- Generated by org.testng.reporters.JUnitXMLReporter -->
<testsuite ignored="0" hostname="MacBook-Pro.local" failures="0" tests="5" name="Login Test" time="177.864" errors="0" timestamp="2021-04-23T15:18:45 IST">
  <testcase classname="com.FreeCRM.testcases.LoginTest" name="loginPageTitleTest" time="0.022"/>
  <testcase classname="com.FreeCRM.testcases.LoginTest" name="crmLogoImageTest" time="0.067"/>
  <testcase classname="com.FreeCRM.testcases.LoginTest" name="loginTest" time="5.534"/>
  <testcase classname="com.FreeCRM.testcases.LoginTest" name="loginTest" time="3.852"/>
  <testcase classname="com.FreeCRM.testcases.LoginTest" name="loginTest" time="3.429"/>
</testsuite> <!-- Login Test -->
