<?xml version="1.0" encoding="UTF-8"?>
<!-- Generated by org.testng.reporters.JUnitXMLReporter -->
<testsuite ignored="0" hostname="MacBook-Pro.local" failures="0" tests="5" name="Login Test" time="232.193" errors="0" timestamp="2021-04-23T14:23:28 IST">
  <testcase classname="com.FreeCRM.testcases.LoginTest" name="loginPageTitleTest" time="0.02"/>
  <testcase classname="com.FreeCRM.testcases.LoginTest" name="crmLogoImageTest" time="0.061"/>
  <testcase classname="com.FreeCRM.testcases.LoginTest" name="loginTest" time="5.067"/>
  <testcase classname="com.FreeCRM.testcases.LoginTest" name="loginTest" time="5.455"/>
  <testcase classname="com.FreeCRM.testcases.LoginTest" name="loginTest" time="6.345"/>
</testsuite> <!-- Login Test -->
