<?xml version="1.0" encoding="UTF-8"?>
<!-- Generated by org.testng.reporters.JUnitXMLReporter -->
<testsuite ignored="0" hostname="MacBook-Pro.local" failures="0" tests="5" name="Login Test" time="19.594" errors="0" timestamp="2021-04-24T15:55:56 IST">
  <testcase classname="com.FreeCRM.testcases.LoginTest" name="@BeforeMethod setUp" time="5.901">
    <failure type="java.lang.NullPointerException">
      <![CDATA[java.lang.NullPointerException
at com.freeCRM.utilities.WebEventListener.beforeNavigateTo(WebEventListener.java:29)
at org.openqa.selenium.support.events.EventFiringWebDriver.lambda$new$0(EventFiringWebDriver.java:94)
at com.sun.proxy.$Proxy11.beforeNavigateTo(Unknown Source)
at org.openqa.selenium.support.events.EventFiringWebDriver.get(EventFiringWebDriver.java:174)
at com.freeCRM.base.TestBase.initialization(TestBase.java:100)
at com.FreeCRM.testcases.LoginTest.setUp(LoginTest.java:24)
at java.base/java.util.ArrayList.forEach(ArrayList.java:1541)
... Removed 38 stack frames]]>
    </failure>
  </testcase> <!-- @BeforeMethod setUp -->
  <testcase classname="com.FreeCRM.testcases.LoginTest" name="@AfterMethod closedBrowser" time="-1.619259943981E9">
    <skipped/>
  </testcase> <!-- @AfterMethod closedBrowser -->
  <testcase classname="com.FreeCRM.testcases.LoginTest" name="@BeforeMethod setUp" time="-1.619259943985E9">
    <skipped/>
  </testcase> <!-- @BeforeMethod setUp -->
  <testcase classname="com.FreeCRM.testcases.LoginTest" name="@AfterMethod closedBrowser" time="-1.61925994737E9">
    <skipped/>
  </testcase> <!-- @AfterMethod closedBrowser -->
  <testcase classname="com.FreeCRM.testcases.LoginTest" name="@BeforeMethod setUp" time="-1.619259947403E9">
    <skipped/>
  </testcase> <!-- @BeforeMethod setUp -->
  <testcase classname="com.FreeCRM.testcases.LoginTest" name="@AfterMethod closedBrowser" time="-1.619259952226E9">
    <skipped/>
  </testcase> <!-- @AfterMethod closedBrowser -->
  <testcase classname="com.FreeCRM.testcases.LoginTest" name="@BeforeMethod setUp" time="-1.619259952227E9">
    <skipped/>
  </testcase> <!-- @BeforeMethod setUp -->
  <testcase classname="com.FreeCRM.testcases.LoginTest" name="@AfterMethod closedBrowser" time="-1.61925995402E9">
    <skipped/>
  </testcase> <!-- @AfterMethod closedBrowser -->
  <testcase classname="com.FreeCRM.testcases.LoginTest" name="@BeforeMethod setUp" time="-1.619259954021E9">
    <skipped/>
  </testcase> <!-- @BeforeMethod setUp -->
  <testcase classname="com.FreeCRM.testcases.LoginTest" name="@AfterMethod closedBrowser" time="-1.619259955379E9">
    <skipped/>
  </testcase> <!-- @AfterMethod closedBrowser -->
  <testcase classname="com.FreeCRM.testcases.LoginTest" name="loginPageTitleTest" time="0.0">
    <skipped/>
  </testcase> <!-- loginPageTitleTest -->
  <testcase classname="com.FreeCRM.testcases.LoginTest" name="crmLogoImageTest" time="0.0">
    <skipped/>
  </testcase> <!-- crmLogoImageTest -->
  <testcase classname="com.FreeCRM.testcases.LoginTest" name="loginTest" time="0.0">
    <skipped/>
  </testcase> <!-- loginTest -->
  <testcase classname="com.FreeCRM.testcases.LoginTest" name="loginTest" time="0.0">
    <skipped/>
  </testcase> <!-- loginTest -->
  <testcase classname="com.FreeCRM.testcases.LoginTest" name="loginTest" time="0.0">
    <skipped/>
  </testcase> <!-- loginTest -->
</testsuite> <!-- Login Test -->
