<?xml version="1.0" encoding="UTF-8"?>
<testng-results ignored="0" total="10" passed="10" failed="0" skipped="0">
  <reporter-output>
  </reporter-output>
  <suite started-at="2021-04-23T18:47:00 IST" name="Suite" finished-at="2021-04-23T18:56:13 IST" duration-ms="552135">
    <groups>
    </groups>
    <test started-at="2021-04-23T18:47:00 IST" name="Login Test" finished-at="2021-04-23T18:51:36 IST" duration-ms="275326">
      <class name="com.FreeCRM.testcases.LoginTest">
        <test-method is-config="true" signature="setUp()[pri:0, instance:com.FreeCRM.testcases.LoginTest@2072acb2]" started-at="2021-04-23T18:47:00 IST" name="setUp" finished-at="2021-04-23T18:47:53 IST" duration-ms="52457" status="PASS">
          <reporter-output>
          </reporter-output>
        </test-method> <!-- setUp -->
        <test-method signature="loginPageTitleTest()[pri:1, instance:com.FreeCRM.testcases.LoginTest@2072acb2]" started-at="2021-04-23T18:47:53 IST" name="loginPageTitleTest" finished-at="2021-04-23T18:47:53 IST" duration-ms="18" status="PASS">
          <reporter-output>
          </reporter-output>
        </test-method> <!-- loginPageTitleTest -->
        <test-method is-config="true" signature="closedBrowser()[pri:0, instance:com.FreeCRM.testcases.LoginTest@2072acb2]" started-at="2021-04-23T18:47:54 IST" name="closedBrowser" finished-at="2021-04-23T18:47:56 IST" duration-ms="2052" status="PASS">
          <reporter-output>
          </reporter-output>
        </test-method> <!-- closedBrowser -->
        <test-method is-config="true" signature="setUp()[pri:0, instance:com.FreeCRM.testcases.LoginTest@2072acb2]" started-at="2021-04-23T18:47:56 IST" name="setUp" finished-at="2021-04-23T18:48:36 IST" duration-ms="40011" status="PASS">
          <reporter-output>
          </reporter-output>
        </test-method> <!-- setUp -->
        <test-method signature="crmLogoImageTest()[pri:2, instance:com.FreeCRM.testcases.LoginTest@2072acb2]" started-at="2021-04-23T18:48:36 IST" name="crmLogoImageTest" finished-at="2021-04-23T18:48:36 IST" duration-ms="88" status="PASS">
          <reporter-output>
          </reporter-output>
        </test-method> <!-- crmLogoImageTest -->
        <test-method is-config="true" signature="closedBrowser()[pri:0, instance:com.FreeCRM.testcases.LoginTest@2072acb2]" started-at="2021-04-23T18:48:37 IST" name="closedBrowser" finished-at="2021-04-23T18:48:38 IST" duration-ms="1672" status="PASS">
          <reporter-output>
          </reporter-output>
        </test-method> <!-- closedBrowser -->
        <test-method is-config="true" signature="setUp()[pri:0, instance:com.FreeCRM.testcases.LoginTest@2072acb2]" started-at="2021-04-23T18:48:38 IST" name="setUp" finished-at="2021-04-23T18:49:28 IST" duration-ms="49218" status="PASS">
          <reporter-output>
          </reporter-output>
        </test-method> <!-- setUp -->
        <test-method signature="loginTest(java.util.Hashtable)[pri:3, instance:com.FreeCRM.testcases.LoginTest@2072acb2]" started-at="2021-04-23T18:49:28 IST" name="loginTest" data-provider="dp" finished-at="2021-04-23T18:49:37 IST" duration-ms="8901" status="PASS">
          <params>
            <param index="0">
              <value>
                <![CDATA[{password=Lenovo1234, username=practiceselenium7@gmail.com}]]>
              </value>
            </param>
          </params>
          <reporter-output>
          </reporter-output>
        </test-method> <!-- loginTest -->
        <test-method is-config="true" signature="closedBrowser()[pri:0, instance:com.FreeCRM.testcases.LoginTest@2072acb2]" started-at="2021-04-23T18:49:37 IST" name="closedBrowser" finished-at="2021-04-23T18:49:38 IST" duration-ms="1420" status="PASS">
          <reporter-output>
          </reporter-output>
        </test-method> <!-- closedBrowser -->
        <test-method is-config="true" signature="setUp()[pri:0, instance:com.FreeCRM.testcases.LoginTest@2072acb2]" started-at="2021-04-23T18:49:38 IST" name="setUp" finished-at="2021-04-23T18:50:12 IST" duration-ms="34059" status="PASS">
          <reporter-output>
          </reporter-output>
        </test-method> <!-- setUp -->
        <test-method signature="loginTest(java.util.Hashtable)[pri:3, instance:com.FreeCRM.testcases.LoginTest@2072acb2]" started-at="2021-04-23T18:50:12 IST" name="loginTest" data-provider="dp" finished-at="2021-04-23T18:50:22 IST" duration-ms="9449" status="PASS">
          <params>
            <param index="0">
              <value>
                <![CDATA[{password=aks1234, username=abc@gmail.com}]]>
              </value>
            </param>
          </params>
          <reporter-output>
          </reporter-output>
        </test-method> <!-- loginTest -->
        <test-method is-config="true" signature="closedBrowser()[pri:0, instance:com.FreeCRM.testcases.LoginTest@2072acb2]" started-at="2021-04-23T18:50:25 IST" name="closedBrowser" finished-at="2021-04-23T18:50:39 IST" duration-ms="14432" status="PASS">
          <reporter-output>
          </reporter-output>
        </test-method> <!-- closedBrowser -->
        <test-method is-config="true" signature="setUp()[pri:0, instance:com.FreeCRM.testcases.LoginTest@2072acb2]" started-at="2021-04-23T18:50:39 IST" name="setUp" finished-at="2021-04-23T18:51:28 IST" duration-ms="48465" status="PASS">
          <reporter-output>
          </reporter-output>
        </test-method> <!-- setUp -->
        <test-method signature="loginTest(java.util.Hashtable)[pri:3, instance:com.FreeCRM.testcases.LoginTest@2072acb2]" started-at="2021-04-23T18:51:28 IST" name="loginTest" data-provider="dp" finished-at="2021-04-23T18:51:33 IST" duration-ms="5491" status="PASS">
          <params>
            <param index="0">
              <value>
                <![CDATA[{password=ks1234, username=xyz@gmail.com}]]>
              </value>
            </param>
          </params>
          <reporter-output>
          </reporter-output>
        </test-method> <!-- loginTest -->
        <test-method is-config="true" signature="closedBrowser()[pri:0, instance:com.FreeCRM.testcases.LoginTest@2072acb2]" started-at="2021-04-23T18:51:34 IST" name="closedBrowser" finished-at="2021-04-23T18:51:36 IST" duration-ms="2132" status="PASS">
          <reporter-output>
          </reporter-output>
        </test-method> <!-- closedBrowser -->
      </class> <!-- com.FreeCRM.testcases.LoginTest -->
    </test> <!-- Login Test -->
    <test started-at="2021-04-23T18:51:36 IST" name="HomePage Test" finished-at="2021-04-23T18:54:17 IST" duration-ms="161295">
      <class name="com.FreeCRM.testcases.HomePageTest">
        <test-method is-config="true" signature="setUp()[pri:0, instance:com.FreeCRM.testcases.HomePageTest@6bb2d00b]" started-at="2021-04-23T18:51:36 IST" name="setUp" finished-at="2021-04-23T18:52:19 IST" duration-ms="43273" status="PASS">
          <reporter-output>
          </reporter-output>
        </test-method> <!-- setUp -->
        <test-method signature="verifyHomePageTitleTest()[pri:1, instance:com.FreeCRM.testcases.HomePageTest@6bb2d00b]" started-at="2021-04-23T18:52:19 IST" name="verifyHomePageTitleTest" finished-at="2021-04-23T18:52:19 IST" duration-ms="10" status="PASS">
          <reporter-output>
          </reporter-output>
        </test-method> <!-- verifyHomePageTitleTest -->
        <test-method is-config="true" signature="closedBrowsers()[pri:0, instance:com.FreeCRM.testcases.HomePageTest@6bb2d00b]" started-at="2021-04-23T18:52:20 IST" name="closedBrowsers" finished-at="2021-04-23T18:52:23 IST" duration-ms="3388" status="PASS">
          <reporter-output>
          </reporter-output>
        </test-method> <!-- closedBrowsers -->
        <test-method is-config="true" signature="setUp()[pri:0, instance:com.FreeCRM.testcases.HomePageTest@6bb2d00b]" started-at="2021-04-23T18:52:23 IST" name="setUp" finished-at="2021-04-23T18:53:00 IST" duration-ms="37108" status="PASS">
          <reporter-output>
          </reporter-output>
        </test-method> <!-- setUp -->
        <test-method signature="verifyUserNameTest()[pri:2, instance:com.FreeCRM.testcases.HomePageTest@6bb2d00b]" started-at="2021-04-23T18:53:00 IST" name="verifyUserNameTest" finished-at="2021-04-23T18:53:04 IST" duration-ms="4196" status="PASS">
          <reporter-output>
          </reporter-output>
        </test-method> <!-- verifyUserNameTest -->
        <test-method is-config="true" signature="closedBrowsers()[pri:0, instance:com.FreeCRM.testcases.HomePageTest@6bb2d00b]" started-at="2021-04-23T18:53:05 IST" name="closedBrowsers" finished-at="2021-04-23T18:53:19 IST" duration-ms="13268" status="PASS">
          <reporter-output>
          </reporter-output>
        </test-method> <!-- closedBrowsers -->
        <test-method is-config="true" signature="setUp()[pri:0, instance:com.FreeCRM.testcases.HomePageTest@6bb2d00b]" started-at="2021-04-23T18:53:19 IST" name="setUp" finished-at="2021-04-23T18:54:15 IST" duration-ms="56399" status="PASS">
          <reporter-output>
          </reporter-output>
        </test-method> <!-- setUp -->
        <test-method signature="goToContactsLinkTest()[pri:3, instance:com.FreeCRM.testcases.HomePageTest@6bb2d00b]" started-at="2021-04-23T18:54:15 IST" name="goToContactsLinkTest" finished-at="2021-04-23T18:54:16 IST" duration-ms="1354" status="PASS">
          <reporter-output>
          </reporter-output>
        </test-method> <!-- goToContactsLinkTest -->
        <test-method is-config="true" signature="closedBrowsers()[pri:0, instance:com.FreeCRM.testcases.HomePageTest@6bb2d00b]" started-at="2021-04-23T18:54:17 IST" name="closedBrowsers" finished-at="2021-04-23T18:54:17 IST" duration-ms="639" status="PASS">
          <reporter-output>
          </reporter-output>
        </test-method> <!-- closedBrowsers -->
      </class> <!-- com.FreeCRM.testcases.HomePageTest -->
    </test> <!-- HomePage Test -->
    <test started-at="2021-04-23T18:54:18 IST" name="Contacts Test" finished-at="2021-04-23T18:55:06 IST" duration-ms="47989">
      <class name="com.FreeCRM.testcases.ContactsPageTest">
        <test-method is-config="true" signature="setUp()[pri:0, instance:com.FreeCRM.testcases.ContactsPageTest@54e22bdd]" started-at="2021-04-23T18:54:18 IST" name="setUp" finished-at="2021-04-23T18:55:03 IST" duration-ms="45071" status="PASS">
          <reporter-output>
          </reporter-output>
        </test-method> <!-- setUp -->
        <test-method signature="contactsPageTest(java.util.Hashtable)[pri:0, instance:com.FreeCRM.testcases.ContactsPageTest@54e22bdd]" started-at="2021-04-23T18:55:03 IST" name="contactsPageTest" data-provider="dp" finished-at="2021-04-23T18:55:05 IST" duration-ms="2633" status="PASS">
          <params>
            <param index="0">
              <value>
                <![CDATA[{lastname=kumar, firstname=Sumit , =}]]>
              </value>
            </param>
          </params>
          <reporter-output>
          </reporter-output>
        </test-method> <!-- contactsPageTest -->
        <test-method is-config="true" signature="closedBrowser()[pri:0, instance:com.FreeCRM.testcases.ContactsPageTest@54e22bdd]" started-at="2021-04-23T18:55:05 IST" name="closedBrowser" finished-at="2021-04-23T18:55:06 IST" duration-ms="241" status="PASS">
          <reporter-output>
          </reporter-output>
        </test-method> <!-- closedBrowser -->
      </class> <!-- com.FreeCRM.testcases.ContactsPageTest -->
    </test> <!-- Contacts Test -->
    <test started-at="2021-04-23T18:55:06 IST" name="Dealspage Test" finished-at="2021-04-23T18:56:13 IST" duration-ms="66997">
      <class name="com.FreeCRM.testcases.DealsPageTest">
        <test-method is-config="true" signature="setUp()[pri:0, instance:com.FreeCRM.testcases.DealsPageTest@4b9df8a]" started-at="2021-04-23T18:55:06 IST" name="setUp" finished-at="2021-04-23T18:55:46 IST" duration-ms="40054" status="PASS">
          <reporter-output>
          </reporter-output>
        </test-method> <!-- setUp -->
        <test-method signature="dealsPageTest(java.util.Hashtable)[pri:0, instance:com.FreeCRM.testcases.DealsPageTest@4b9df8a]" started-at="2021-04-23T18:55:46 IST" name="dealsPageTest" data-provider="dp" finished-at="2021-04-23T18:55:47 IST" duration-ms="902" status="PASS">
          <params>
            <param index="0">
              <value>
                <![CDATA[{tittle=Amit kumar}]]>
              </value>
            </param>
          </params>
          <reporter-output>
          </reporter-output>
        </test-method> <!-- dealsPageTest -->
        <test-method is-config="true" signature="closedBrowser()[pri:0, instance:com.FreeCRM.testcases.DealsPageTest@4b9df8a]" started-at="2021-04-23T18:56:07 IST" name="closedBrowser" finished-at="2021-04-23T18:56:13 IST" duration-ms="5629" status="PASS">
          <reporter-output>
          </reporter-output>
        </test-method> <!-- closedBrowser -->
      </class> <!-- com.FreeCRM.testcases.DealsPageTest -->
    </test> <!-- Dealspage Test -->
  </suite> <!-- Suite -->
</testng-results>
