<?xml version="1.0" encoding="UTF-8"?>
<testsuite name="TestSuite" time="18.122" tests="10" errors="0" skipped="0" failures="0">
  <properties>
[...]
</properties>
  <testcase name="loginPageTitleTest" classname="com.FreeCRM.testcases.LoginTest" time="0.028"/>
  <testcase name="crmLogoImageTest" classname="com.FreeCRM.testcases.LoginTest" time="0.094"/>
  <testcase name="loginTest" classname="com.FreeCRM.testcases.LoginTest" time="8.902"/>
  <testcase name="loginTest" classname="com.FreeCRM.testcases.LoginTest" time="9.449"/>
  <testcase name="loginTest" classname="com.FreeCRM.testcases.LoginTest" time="5.492"/>
  <testcase name="verifyHomePageTitleTest" classname="com.FreeCRM.testcases.HomePageTest" time="0.01"/>
  <testcase name="verifyUserNameTest" classname="com.FreeCRM.testcases.HomePageTest" time="4.196"/>
  <testcase name="goToContactsLinkTest" classname="com.FreeCRM.testcases.HomePageTest" time="1.357"/>
  <testcase name="contactsPageTest" classname="com.FreeCRM.testcases.ContactsPageTest" time="2.633"/>
  <testcase name="dealsPageTest" classname="com.FreeCRM.testcases.DealsPageTest" time="0.902"/>
</testsuite>