<?xml version="1.0" encoding="UTF-8"?>
<testng-results ignored="0" total="10" passed="8" failed="2" skipped="0">
  <reporter-output>
    <line>
      <![CDATA[Click to see Screenshot]]>
    </line>
    <line>
      <![CDATA[<a target="_blank" href=Sat_Apr_24_16_26_26_IST_2021.jpg>Screenshot</a>]]>
    </line>
    <line>
      <![CDATA[<br>]]>
    </line>
    <line>
      <![CDATA[<br>]]>
    </line>
    <line>
      <![CDATA[<a target="_blank" href=Sat_Apr_24_16_26_26_IST_2021.jpg><img src=Sat_Apr_24_16_26_26_IST_2021.jpg height=100 width=100></img></a>]]>
    </line>
    <line>
      <![CDATA[Click to see Screenshot]]>
    </line>
    <line>
      <![CDATA[<a target="_blank" href=Sat_Apr_24_16_27_43_IST_2021.jpg>Screenshot</a>]]>
    </line>
    <line>
      <![CDATA[<br>]]>
    </line>
    <line>
      <![CDATA[<br>]]>
    </line>
    <line>
      <![CDATA[<a target="_blank" href=Sat_Apr_24_16_27_43_IST_2021.jpg><img src=Sat_Apr_24_16_27_43_IST_2021.jpg height=100 width=100></img></a>]]>
    </line>
  </reporter-output>
  <suite started-at="2021-04-24T16:20:02 IST" name="Suite" finished-at="2021-04-24T16:27:45 IST" duration-ms="462444">
    <groups>
    </groups>
    <test started-at="2021-04-24T16:20:02 IST" name="Login Test" finished-at="2021-04-24T16:23:17 IST" duration-ms="194657">
      <class name="com.FreeCRM.testcases.LoginTest">
        <test-method is-config="true" signature="setUp()[pri:0, instance:com.FreeCRM.testcases.LoginTest@7c209437]" started-at="2021-04-24T16:20:02 IST" name="setUp" finished-at="2021-04-24T16:20:38 IST" duration-ms="35981" status="PASS">
          <reporter-output>
          </reporter-output>
        </test-method> <!-- setUp -->
        <test-method signature="loginPageTitleTest()[pri:1, instance:com.FreeCRM.testcases.LoginTest@7c209437]" started-at="2021-04-24T16:20:38 IST" name="loginPageTitleTest" finished-at="2021-04-24T16:20:38 IST" duration-ms="26" status="PASS">
          <reporter-output>
          </reporter-output>
        </test-method> <!-- loginPageTitleTest -->
        <test-method is-config="true" signature="closedBrowser()[pri:0, instance:com.FreeCRM.testcases.LoginTest@7c209437]" started-at="2021-04-24T16:20:39 IST" name="closedBrowser" finished-at="2021-04-24T16:20:40 IST" duration-ms="1181" status="PASS">
          <reporter-output>
          </reporter-output>
        </test-method> <!-- closedBrowser -->
        <test-method is-config="true" signature="setUp()[pri:0, instance:com.FreeCRM.testcases.LoginTest@7c209437]" started-at="2021-04-24T16:20:40 IST" name="setUp" finished-at="2021-04-24T16:21:04 IST" duration-ms="23809" status="PASS">
          <reporter-output>
          </reporter-output>
        </test-method> <!-- setUp -->
        <test-method signature="crmLogoImageTest()[pri:2, instance:com.FreeCRM.testcases.LoginTest@7c209437]" started-at="2021-04-24T16:21:04 IST" name="crmLogoImageTest" finished-at="2021-04-24T16:21:04 IST" duration-ms="101" status="PASS">
          <reporter-output>
          </reporter-output>
        </test-method> <!-- crmLogoImageTest -->
        <test-method is-config="true" signature="closedBrowser()[pri:0, instance:com.FreeCRM.testcases.LoginTest@7c209437]" started-at="2021-04-24T16:21:04 IST" name="closedBrowser" finished-at="2021-04-24T16:21:05 IST" duration-ms="981" status="PASS">
          <reporter-output>
          </reporter-output>
        </test-method> <!-- closedBrowser -->
        <test-method is-config="true" signature="setUp()[pri:0, instance:com.FreeCRM.testcases.LoginTest@7c209437]" started-at="2021-04-24T16:21:05 IST" name="setUp" finished-at="2021-04-24T16:21:55 IST" duration-ms="50563" status="PASS">
          <reporter-output>
          </reporter-output>
        </test-method> <!-- setUp -->
        <test-method signature="loginTest(java.util.Hashtable)[pri:3, instance:com.FreeCRM.testcases.LoginTest@7c209437]" started-at="2021-04-24T16:21:55 IST" name="loginTest" data-provider="dp" finished-at="2021-04-24T16:21:59 IST" duration-ms="3619" status="PASS">
          <params>
            <param index="0">
              <value>
                <![CDATA[{password=Lenovo1234, username=practiceselenium7@gmail.com}]]>
              </value>
            </param>
          </params>
          <reporter-output>
          </reporter-output>
        </test-method> <!-- loginTest -->
        <test-method is-config="true" signature="closedBrowser()[pri:0, instance:com.FreeCRM.testcases.LoginTest@7c209437]" started-at="2021-04-24T16:21:59 IST" name="closedBrowser" finished-at="2021-04-24T16:22:00 IST" duration-ms="1107" status="PASS">
          <reporter-output>
          </reporter-output>
        </test-method> <!-- closedBrowser -->
        <test-method is-config="true" signature="setUp()[pri:0, instance:com.FreeCRM.testcases.LoginTest@7c209437]" started-at="2021-04-24T16:22:00 IST" name="setUp" finished-at="2021-04-24T16:22:26 IST" duration-ms="26007" status="PASS">
          <reporter-output>
          </reporter-output>
        </test-method> <!-- setUp -->
        <test-method signature="loginTest(java.util.Hashtable)[pri:3, instance:com.FreeCRM.testcases.LoginTest@7c209437]" started-at="2021-04-24T16:22:26 IST" name="loginTest" data-provider="dp" finished-at="2021-04-24T16:22:30 IST" duration-ms="3437" status="PASS">
          <params>
            <param index="0">
              <value>
                <![CDATA[{password=aks1234, username=abc@gmail.com}]]>
              </value>
            </param>
          </params>
          <reporter-output>
          </reporter-output>
        </test-method> <!-- loginTest -->
        <test-method is-config="true" signature="closedBrowser()[pri:0, instance:com.FreeCRM.testcases.LoginTest@7c209437]" started-at="2021-04-24T16:22:31 IST" name="closedBrowser" finished-at="2021-04-24T16:22:36 IST" duration-ms="4884" status="PASS">
          <reporter-output>
          </reporter-output>
        </test-method> <!-- closedBrowser -->
        <test-method is-config="true" signature="setUp()[pri:0, instance:com.FreeCRM.testcases.LoginTest@7c209437]" started-at="2021-04-24T16:22:36 IST" name="setUp" finished-at="2021-04-24T16:23:10 IST" duration-ms="34390" status="PASS">
          <reporter-output>
          </reporter-output>
        </test-method> <!-- setUp -->
        <test-method signature="loginTest(java.util.Hashtable)[pri:3, instance:com.FreeCRM.testcases.LoginTest@7c209437]" started-at="2021-04-24T16:23:10 IST" name="loginTest" data-provider="dp" finished-at="2021-04-24T16:23:13 IST" duration-ms="3485" status="PASS">
          <params>
            <param index="0">
              <value>
                <![CDATA[{password=ks1234, username=xyz@gmail.com}]]>
              </value>
            </param>
          </params>
          <reporter-output>
          </reporter-output>
        </test-method> <!-- loginTest -->
        <test-method is-config="true" signature="closedBrowser()[pri:0, instance:com.FreeCRM.testcases.LoginTest@7c209437]" started-at="2021-04-24T16:23:14 IST" name="closedBrowser" finished-at="2021-04-24T16:23:17 IST" duration-ms="3305" status="PASS">
          <reporter-output>
          </reporter-output>
        </test-method> <!-- closedBrowser -->
      </class> <!-- com.FreeCRM.testcases.LoginTest -->
    </test> <!-- Login Test -->
    <test started-at="2021-04-24T16:23:17 IST" name="HomePage Test" finished-at="2021-04-24T16:25:26 IST" duration-ms="128718">
      <class name="com.FreeCRM.testcases.HomePageTest">
        <test-method is-config="true" signature="setUp()[pri:0, instance:com.FreeCRM.testcases.HomePageTest@1e63ec0b]" started-at="2021-04-24T16:23:17 IST" name="setUp" finished-at="2021-04-24T16:23:41 IST" duration-ms="24344" status="PASS">
          <reporter-output>
          </reporter-output>
        </test-method> <!-- setUp -->
        <test-method signature="verifyHomePageTitleTest()[pri:1, instance:com.FreeCRM.testcases.HomePageTest@1e63ec0b]" started-at="2021-04-24T16:23:41 IST" name="verifyHomePageTitleTest" finished-at="2021-04-24T16:23:41 IST" duration-ms="22" status="PASS">
          <reporter-output>
          </reporter-output>
        </test-method> <!-- verifyHomePageTitleTest -->
        <test-method is-config="true" signature="closedBrowsers()[pri:0, instance:com.FreeCRM.testcases.HomePageTest@1e63ec0b]" started-at="2021-04-24T16:23:42 IST" name="closedBrowsers" finished-at="2021-04-24T16:23:42 IST" duration-ms="757" status="PASS">
          <reporter-output>
          </reporter-output>
        </test-method> <!-- closedBrowsers -->
        <test-method is-config="true" signature="setUp()[pri:0, instance:com.FreeCRM.testcases.HomePageTest@1e63ec0b]" started-at="2021-04-24T16:23:42 IST" name="setUp" finished-at="2021-04-24T16:24:35 IST" duration-ms="52649" status="PASS">
          <reporter-output>
          </reporter-output>
        </test-method> <!-- setUp -->
        <test-method signature="verifyUserNameTest()[pri:2, instance:com.FreeCRM.testcases.HomePageTest@1e63ec0b]" started-at="2021-04-24T16:24:35 IST" name="verifyUserNameTest" finished-at="2021-04-24T16:24:36 IST" duration-ms="1201" status="PASS">
          <reporter-output>
          </reporter-output>
        </test-method> <!-- verifyUserNameTest -->
        <test-method is-config="true" signature="closedBrowsers()[pri:0, instance:com.FreeCRM.testcases.HomePageTest@1e63ec0b]" started-at="2021-04-24T16:24:36 IST" name="closedBrowsers" finished-at="2021-04-24T16:24:37 IST" duration-ms="1185" status="PASS">
          <reporter-output>
          </reporter-output>
        </test-method> <!-- closedBrowsers -->
        <test-method is-config="true" signature="setUp()[pri:0, instance:com.FreeCRM.testcases.HomePageTest@1e63ec0b]" started-at="2021-04-24T16:24:37 IST" name="setUp" finished-at="2021-04-24T16:25:08 IST" duration-ms="30719" status="PASS">
          <reporter-output>
          </reporter-output>
        </test-method> <!-- setUp -->
        <test-method signature="goToContactsLinkTest()[pri:3, instance:com.FreeCRM.testcases.HomePageTest@1e63ec0b]" started-at="2021-04-24T16:25:08 IST" name="goToContactsLinkTest" finished-at="2021-04-24T16:25:13 IST" duration-ms="5017" status="PASS">
          <reporter-output>
          </reporter-output>
        </test-method> <!-- goToContactsLinkTest -->
        <test-method is-config="true" signature="closedBrowsers()[pri:0, instance:com.FreeCRM.testcases.HomePageTest@1e63ec0b]" started-at="2021-04-24T16:25:23 IST" name="closedBrowsers" finished-at="2021-04-24T16:25:26 IST" duration-ms="2874" status="PASS">
          <reporter-output>
          </reporter-output>
        </test-method> <!-- closedBrowsers -->
      </class> <!-- com.FreeCRM.testcases.HomePageTest -->
    </test> <!-- HomePage Test -->
    <test started-at="2021-04-24T16:25:26 IST" name="Contacts Test" finished-at="2021-04-24T16:26:26 IST" duration-ms="60433">
      <class name="com.FreeCRM.testcases.ContactsPageTest">
        <test-method is-config="true" signature="setUp()[pri:0, instance:com.FreeCRM.testcases.ContactsPageTest@64dafeed]" started-at="2021-04-24T16:25:26 IST" name="setUp" finished-at="2021-04-24T16:25:56 IST" duration-ms="29635" status="PASS">
          <reporter-output>
          </reporter-output>
        </test-method> <!-- setUp -->
        <test-method signature="contactsPageTest(java.util.Hashtable)[pri:0, instance:com.FreeCRM.testcases.ContactsPageTest@64dafeed]" started-at="2021-04-24T16:25:56 IST" name="contactsPageTest" data-provider="dp" finished-at="2021-04-24T16:26:26 IST" duration-ms="30359" status="FAIL">
          <params>
            <param index="0">
              <value>
                <![CDATA[{lastname=kumar, firstname=Sumit , =}]]>
              </value>
            </param>
          </params>
          <exception class="org.openqa.selenium.NoSuchElementException">
            <message>
              <![CDATA[no such element: Unable to locate element: {"method":"xpath","selector":"//input[@name='first_name']"}
  (Session info: chrome=90.0.4430.85)
For documentation on this error, please visit: https://selenium.dev/exceptions/#no_such_element
Build info: version: '4.0.0-beta-2', revision: '4ec0cfc112'
System info: host: 'MacBook-Pro.local', ip: '192.168.1.14', os.name: 'Mac OS X', os.arch: 'x86_64', os.version: '10.13.6', java.version: '11.0.10'
Driver info: org.openqa.selenium.chrome.ChromeDriver
Command: [c605ca3d2064bf66524b5687efa61356, findElement {using=xpath, value=//input[@name='first_name']}]
Capabilities {acceptInsecureCerts: false, browserName: chrome, browserVersion: 90.0.4430.85, chrome: {chromedriverVersion: 90.0.4430.24 (4c6d850f087da..., userDataDir: /var/folders/06/36qh6q5947b...}, goog:chromeOptions: {debuggerAddress: localhost:54344}, javascriptEnabled: true, networkConnectionEnabled: false, pageLoadStrategy: normal, platform: MAC, platformName: MAC, proxy: Proxy(), setWindowRect: true, strictFileInteractability: false, timeouts: {implicit: 0, pageLoad: 300000, script: 30000}, unhandledPromptBehavior: dismiss and notify, webauthn:extension:largeBlob: true, webauthn:virtualAuthenticators: true}
Session ID: c605ca3d2064bf66524b5687efa61356]]>
            </message>
            <full-stacktrace>
              <![CDATA[org.openqa.selenium.NoSuchElementException: no such element: Unable to locate element: {"method":"xpath","selector":"//input[@name='first_name']"}
  (Session info: chrome=90.0.4430.85)
For documentation on this error, please visit: https://selenium.dev/exceptions/#no_such_element
Build info: version: '4.0.0-beta-2', revision: '4ec0cfc112'
System info: host: 'MacBook-Pro.local', ip: '192.168.1.14', os.name: 'Mac OS X', os.arch: 'x86_64', os.version: '10.13.6', java.version: '11.0.10'
Driver info: org.openqa.selenium.chrome.ChromeDriver
Command: [c605ca3d2064bf66524b5687efa61356, findElement {using=xpath, value=//input[@name='first_name']}]
Capabilities {acceptInsecureCerts: false, browserName: chrome, browserVersion: 90.0.4430.85, chrome: {chromedriverVersion: 90.0.4430.24 (4c6d850f087da..., userDataDir: /var/folders/06/36qh6q5947b...}, goog:chromeOptions: {debuggerAddress: localhost:54344}, javascriptEnabled: true, networkConnectionEnabled: false, pageLoadStrategy: normal, platform: MAC, platformName: MAC, proxy: Proxy(), setWindowRect: true, strictFileInteractability: false, timeouts: {implicit: 0, pageLoad: 300000, script: 30000}, unhandledPromptBehavior: dismiss and notify, webauthn:extension:largeBlob: true, webauthn:virtualAuthenticators: true}
Session ID: c605ca3d2064bf66524b5687efa61356
at java.base/jdk.internal.reflect.NativeConstructorAccessorImpl.newInstance0(Native Method)
at java.base/jdk.internal.reflect.NativeConstructorAccessorImpl.newInstance(NativeConstructorAccessorImpl.java:62)
at java.base/jdk.internal.reflect.DelegatingConstructorAccessorImpl.newInstance(DelegatingConstructorAccessorImpl.java:45)
at java.base/java.lang.reflect.Constructor.newInstance(Constructor.java:490)
at org.openqa.selenium.remote.codec.w3c.W3CHttpResponseCodec.createException(W3CHttpResponseCodec.java:195)
at org.openqa.selenium.remote.codec.w3c.W3CHttpResponseCodec.decode(W3CHttpResponseCodec.java:128)
at org.openqa.selenium.remote.codec.w3c.W3CHttpResponseCodec.decode(W3CHttpResponseCodec.java:52)
at org.openqa.selenium.remote.HttpCommandExecutor.execute(HttpCommandExecutor.java:187)
at org.openqa.selenium.remote.service.DriverCommandExecutor.invokeExecute(DriverCommandExecutor.java:153)
at org.openqa.selenium.remote.service.DriverCommandExecutor.execute(DriverCommandExecutor.java:128)
at org.openqa.selenium.remote.RemoteWebDriver.execute(RemoteWebDriver.java:620)
at org.openqa.selenium.remote.RemoteWebDriver$Mechanism$2.findElement(RemoteWebDriver.java:1259)
at org.openqa.selenium.remote.RemoteWebDriver.findElement(RemoteWebDriver.java:388)
at org.openqa.selenium.remote.RemoteWebDriver.findElement(RemoteWebDriver.java:382)
at jdk.internal.reflect.GeneratedMethodAccessor23.invoke(Unknown Source)
at java.base/jdk.internal.reflect.DelegatingMethodAccessorImpl.invoke(DelegatingMethodAccessorImpl.java:43)
at java.base/java.lang.reflect.Method.invoke(Method.java:566)
at org.openqa.selenium.support.events.EventFiringWebDriver.lambda$new$1(EventFiringWebDriver.java:115)
at com.sun.proxy.$Proxy15.findElement(Unknown Source)
at org.openqa.selenium.support.events.EventFiringWebDriver.findElement(EventFiringWebDriver.java:204)
at org.openqa.selenium.support.pagefactory.DefaultElementLocator.findElement(DefaultElementLocator.java:70)
at org.openqa.selenium.support.pagefactory.internal.LocatingElementHandler.invoke(LocatingElementHandler.java:39)
at com.sun.proxy.$Proxy19.sendKeys(Unknown Source)
at com.freeCRM.pages.ContactsPage.createNewContact(ContactsPage.java:45)
at com.FreeCRM.testcases.ContactsPageTest.contactsPageTest(ContactsPageTest.java:38)
at java.base/jdk.internal.reflect.NativeMethodAccessorImpl.invoke0(Native Method)
at java.base/jdk.internal.reflect.NativeMethodAccessorImpl.invoke(NativeMethodAccessorImpl.java:62)
at java.base/jdk.internal.reflect.DelegatingMethodAccessorImpl.invoke(DelegatingMethodAccessorImpl.java:43)
at java.base/java.lang.reflect.Method.invoke(Method.java:566)
at org.testng.internal.MethodInvocationHelper.invokeMethod(MethodInvocationHelper.java:133)
at org.testng.internal.TestInvoker.invokeMethod(TestInvoker.java:598)
at org.testng.internal.TestInvoker.invokeTestMethod(TestInvoker.java:173)
at org.testng.internal.MethodRunner.runInSequence(MethodRunner.java:46)
at org.testng.internal.TestInvoker$MethodInvocationAgent.invoke(TestInvoker.java:824)
at org.testng.internal.TestInvoker.invokeTestMethods(TestInvoker.java:146)
at org.testng.internal.TestMethodWorker.invokeTestMethods(TestMethodWorker.java:146)
at org.testng.internal.TestMethodWorker.run(TestMethodWorker.java:128)
at java.base/java.util.ArrayList.forEach(ArrayList.java:1541)
at org.testng.TestRunner.privateRun(TestRunner.java:794)
at org.testng.TestRunner.run(TestRunner.java:596)
at org.testng.SuiteRunner.runTest(SuiteRunner.java:377)
at org.testng.SuiteRunner.runSequentially(SuiteRunner.java:371)
at org.testng.SuiteRunner.privateRun(SuiteRunner.java:332)
at org.testng.SuiteRunner.run(SuiteRunner.java:276)
at org.testng.SuiteRunnerWorker.runSuite(SuiteRunnerWorker.java:53)
at org.testng.SuiteRunnerWorker.run(SuiteRunnerWorker.java:96)
at org.testng.TestNG.runSuitesSequentially(TestNG.java:1212)
at org.testng.TestNG.runSuitesLocally(TestNG.java:1134)
at org.testng.TestNG.runSuites(TestNG.java:1063)
at org.testng.TestNG.run(TestNG.java:1031)
at org.testng.remote.AbstractRemoteTestNG.run(AbstractRemoteTestNG.java:115)
at org.testng.remote.RemoteTestNG.initAndRun(RemoteTestNG.java:251)
at org.testng.remote.RemoteTestNG.main(RemoteTestNG.java:77)
]]>
            </full-stacktrace>
          </exception> <!-- org.openqa.selenium.NoSuchElementException -->
          <reporter-output>
            <line>
              <![CDATA[Click to see Screenshot]]>
            </line>
            <line>
              <![CDATA[<a target="_blank" href=Sat_Apr_24_16_26_26_IST_2021.jpg>Screenshot</a>]]>
            </line>
            <line>
              <![CDATA[<br>]]>
            </line>
            <line>
              <![CDATA[<br>]]>
            </line>
            <line>
              <![CDATA[<a target="_blank" href=Sat_Apr_24_16_26_26_IST_2021.jpg><img src=Sat_Apr_24_16_26_26_IST_2021.jpg height=100 width=100></img></a>]]>
            </line>
          </reporter-output>
        </test-method> <!-- contactsPageTest -->
        <test-method is-config="true" signature="closedBrowser()[pri:0, instance:com.FreeCRM.testcases.ContactsPageTest@64dafeed]" started-at="2021-04-24T16:26:26 IST" name="closedBrowser" finished-at="2021-04-24T16:26:26 IST" duration-ms="196" status="PASS">
          <reporter-output>
          </reporter-output>
        </test-method> <!-- closedBrowser -->
      </class> <!-- com.FreeCRM.testcases.ContactsPageTest -->
    </test> <!-- Contacts Test -->
    <test started-at="2021-04-24T16:26:27 IST" name="Dealspage Test" finished-at="2021-04-24T16:27:45 IST" duration-ms="78129">
      <class name="com.FreeCRM.testcases.DealsPageTest">
        <test-method is-config="true" signature="setUp()[pri:0, instance:com.FreeCRM.testcases.DealsPageTest@37bd68c3]" started-at="2021-04-24T16:26:27 IST" name="setUp" finished-at="2021-04-24T16:27:13 IST" duration-ms="46531" status="PASS">
          <reporter-output>
          </reporter-output>
        </test-method> <!-- setUp -->
        <test-method signature="dealsPageTest(java.util.Hashtable)[pri:0, instance:com.FreeCRM.testcases.DealsPageTest@37bd68c3]" started-at="2021-04-24T16:27:13 IST" name="dealsPageTest" data-provider="dp" finished-at="2021-04-24T16:27:43 IST" duration-ms="30242" status="FAIL">
          <params>
            <param index="0">
              <value>
                <![CDATA[{tittle=Amit kumar}]]>
              </value>
            </param>
          </params>
          <exception class="org.openqa.selenium.NoSuchElementException">
            <message>
              <![CDATA[no such element: Unable to locate element: {"method":"xpath","selector":"//input[@name='title']"}
  (Session info: chrome=90.0.4430.85)
For documentation on this error, please visit: https://selenium.dev/exceptions/#no_such_element
Build info: version: '4.0.0-beta-2', revision: '4ec0cfc112'
System info: host: 'MacBook-Pro.local', ip: '192.168.1.14', os.name: 'Mac OS X', os.arch: 'x86_64', os.version: '10.13.6', java.version: '11.0.10'
Driver info: org.openqa.selenium.chrome.ChromeDriver
Command: [32334332dedef7db26f72796822cb925, findElement {using=xpath, value=//input[@name='title']}]
Capabilities {acceptInsecureCerts: false, browserName: chrome, browserVersion: 90.0.4430.85, chrome: {chromedriverVersion: 90.0.4430.24 (4c6d850f087da..., userDataDir: /var/folders/06/36qh6q5947b...}, goog:chromeOptions: {debuggerAddress: localhost:54401}, javascriptEnabled: true, networkConnectionEnabled: false, pageLoadStrategy: normal, platform: MAC, platformName: MAC, proxy: Proxy(), setWindowRect: true, strictFileInteractability: false, timeouts: {implicit: 0, pageLoad: 300000, script: 30000}, unhandledPromptBehavior: dismiss and notify, webauthn:extension:largeBlob: true, webauthn:virtualAuthenticators: true}
Session ID: 32334332dedef7db26f72796822cb925]]>
            </message>
            <full-stacktrace>
              <![CDATA[org.openqa.selenium.NoSuchElementException: no such element: Unable to locate element: {"method":"xpath","selector":"//input[@name='title']"}
  (Session info: chrome=90.0.4430.85)
For documentation on this error, please visit: https://selenium.dev/exceptions/#no_such_element
Build info: version: '4.0.0-beta-2', revision: '4ec0cfc112'
System info: host: 'MacBook-Pro.local', ip: '192.168.1.14', os.name: 'Mac OS X', os.arch: 'x86_64', os.version: '10.13.6', java.version: '11.0.10'
Driver info: org.openqa.selenium.chrome.ChromeDriver
Command: [32334332dedef7db26f72796822cb925, findElement {using=xpath, value=//input[@name='title']}]
Capabilities {acceptInsecureCerts: false, browserName: chrome, browserVersion: 90.0.4430.85, chrome: {chromedriverVersion: 90.0.4430.24 (4c6d850f087da..., userDataDir: /var/folders/06/36qh6q5947b...}, goog:chromeOptions: {debuggerAddress: localhost:54401}, javascriptEnabled: true, networkConnectionEnabled: false, pageLoadStrategy: normal, platform: MAC, platformName: MAC, proxy: Proxy(), setWindowRect: true, strictFileInteractability: false, timeouts: {implicit: 0, pageLoad: 300000, script: 30000}, unhandledPromptBehavior: dismiss and notify, webauthn:extension:largeBlob: true, webauthn:virtualAuthenticators: true}
Session ID: 32334332dedef7db26f72796822cb925
at java.base/jdk.internal.reflect.NativeConstructorAccessorImpl.newInstance0(Native Method)
at java.base/jdk.internal.reflect.NativeConstructorAccessorImpl.newInstance(NativeConstructorAccessorImpl.java:62)
at java.base/jdk.internal.reflect.DelegatingConstructorAccessorImpl.newInstance(DelegatingConstructorAccessorImpl.java:45)
at java.base/java.lang.reflect.Constructor.newInstance(Constructor.java:490)
at org.openqa.selenium.remote.codec.w3c.W3CHttpResponseCodec.createException(W3CHttpResponseCodec.java:195)
at org.openqa.selenium.remote.codec.w3c.W3CHttpResponseCodec.decode(W3CHttpResponseCodec.java:128)
at org.openqa.selenium.remote.codec.w3c.W3CHttpResponseCodec.decode(W3CHttpResponseCodec.java:52)
at org.openqa.selenium.remote.HttpCommandExecutor.execute(HttpCommandExecutor.java:187)
at org.openqa.selenium.remote.service.DriverCommandExecutor.invokeExecute(DriverCommandExecutor.java:153)
at org.openqa.selenium.remote.service.DriverCommandExecutor.execute(DriverCommandExecutor.java:128)
at org.openqa.selenium.remote.RemoteWebDriver.execute(RemoteWebDriver.java:620)
at org.openqa.selenium.remote.RemoteWebDriver$Mechanism$2.findElement(RemoteWebDriver.java:1259)
at org.openqa.selenium.remote.RemoteWebDriver.findElement(RemoteWebDriver.java:388)
at org.openqa.selenium.remote.RemoteWebDriver.findElement(RemoteWebDriver.java:382)
at jdk.internal.reflect.GeneratedMethodAccessor23.invoke(Unknown Source)
at java.base/jdk.internal.reflect.DelegatingMethodAccessorImpl.invoke(DelegatingMethodAccessorImpl.java:43)
at java.base/java.lang.reflect.Method.invoke(Method.java:566)
at org.openqa.selenium.support.events.EventFiringWebDriver.lambda$new$1(EventFiringWebDriver.java:115)
at com.sun.proxy.$Proxy15.findElement(Unknown Source)
at org.openqa.selenium.support.events.EventFiringWebDriver.findElement(EventFiringWebDriver.java:204)
at org.openqa.selenium.support.pagefactory.DefaultElementLocator.findElement(DefaultElementLocator.java:70)
at org.openqa.selenium.support.pagefactory.internal.LocatingElementHandler.invoke(LocatingElementHandler.java:39)
at com.sun.proxy.$Proxy19.sendKeys(Unknown Source)
at com.freeCRM.pages.DealsPage.fillTheFormofCreateDeals(DealsPage.java:33)
at com.FreeCRM.testcases.DealsPageTest.dealsPageTest(DealsPageTest.java:38)
at java.base/jdk.internal.reflect.NativeMethodAccessorImpl.invoke0(Native Method)
at java.base/jdk.internal.reflect.NativeMethodAccessorImpl.invoke(NativeMethodAccessorImpl.java:62)
at java.base/jdk.internal.reflect.DelegatingMethodAccessorImpl.invoke(DelegatingMethodAccessorImpl.java:43)
at java.base/java.lang.reflect.Method.invoke(Method.java:566)
at org.testng.internal.MethodInvocationHelper.invokeMethod(MethodInvocationHelper.java:133)
at org.testng.internal.TestInvoker.invokeMethod(TestInvoker.java:598)
at org.testng.internal.TestInvoker.invokeTestMethod(TestInvoker.java:173)
at org.testng.internal.MethodRunner.runInSequence(MethodRunner.java:46)
at org.testng.internal.TestInvoker$MethodInvocationAgent.invoke(TestInvoker.java:824)
at org.testng.internal.TestInvoker.invokeTestMethods(TestInvoker.java:146)
at org.testng.internal.TestMethodWorker.invokeTestMethods(TestMethodWorker.java:146)
at org.testng.internal.TestMethodWorker.run(TestMethodWorker.java:128)
at java.base/java.util.ArrayList.forEach(ArrayList.java:1541)
at org.testng.TestRunner.privateRun(TestRunner.java:794)
at org.testng.TestRunner.run(TestRunner.java:596)
at org.testng.SuiteRunner.runTest(SuiteRunner.java:377)
at org.testng.SuiteRunner.runSequentially(SuiteRunner.java:371)
at org.testng.SuiteRunner.privateRun(SuiteRunner.java:332)
at org.testng.SuiteRunner.run(SuiteRunner.java:276)
at org.testng.SuiteRunnerWorker.runSuite(SuiteRunnerWorker.java:53)
at org.testng.SuiteRunnerWorker.run(SuiteRunnerWorker.java:96)
at org.testng.TestNG.runSuitesSequentially(TestNG.java:1212)
at org.testng.TestNG.runSuitesLocally(TestNG.java:1134)
at org.testng.TestNG.runSuites(TestNG.java:1063)
at org.testng.TestNG.run(TestNG.java:1031)
at org.testng.remote.AbstractRemoteTestNG.run(AbstractRemoteTestNG.java:115)
at org.testng.remote.RemoteTestNG.initAndRun(RemoteTestNG.java:251)
at org.testng.remote.RemoteTestNG.main(RemoteTestNG.java:77)
]]>
            </full-stacktrace>
          </exception> <!-- org.openqa.selenium.NoSuchElementException -->
          <reporter-output>
            <line>
              <![CDATA[Click to see Screenshot]]>
            </line>
            <line>
              <![CDATA[<a target="_blank" href=Sat_Apr_24_16_27_43_IST_2021.jpg>Screenshot</a>]]>
            </line>
            <line>
              <![CDATA[<br>]]>
            </line>
            <line>
              <![CDATA[<br>]]>
            </line>
            <line>
              <![CDATA[<a target="_blank" href=Sat_Apr_24_16_27_43_IST_2021.jpg><img src=Sat_Apr_24_16_27_43_IST_2021.jpg height=100 width=100></img></a>]]>
            </line>
          </reporter-output>
        </test-method> <!-- dealsPageTest -->
        <test-method is-config="true" signature="closedBrowser()[pri:0, instance:com.FreeCRM.testcases.DealsPageTest@37bd68c3]" started-at="2021-04-24T16:27:44 IST" name="closedBrowser" finished-at="2021-04-24T16:27:45 IST" duration-ms="354" status="PASS">
          <reporter-output>
          </reporter-output>
        </test-method> <!-- closedBrowser -->
      </class> <!-- com.FreeCRM.testcases.DealsPageTest -->
    </test> <!-- Dealspage Test -->
  </suite> <!-- Suite -->
</testng-results>
