<?xml version="1.0" encoding="UTF-8"?>
<testng-results ignored="0" total="2" passed="1" failed="1" skipped="0">
  <reporter-output>
  </reporter-output>
  <suite started-at="2021-04-24T21:45:25 IST" name="Default suite" finished-at="2021-04-24T21:47:14 IST" duration-ms="108693">
    <groups>
    </groups>
    <test started-at="2021-04-24T21:45:25 IST" name="Default test" finished-at="2021-04-24T21:47:14 IST" duration-ms="108693">
      <class name="com.FreeCRM.testcases.TaskPageTest">
        <test-method is-config="true" signature="setUp()[pri:0, instance:com.FreeCRM.testcases.TaskPageTest@7e928e2f]" started-at="2021-04-24T21:45:25 IST" name="setUp" finished-at="2021-04-24T21:46:05 IST" duration-ms="39914" status="PASS">
          <reporter-output>
          </reporter-output>
        </test-method> <!-- setUp -->
        <test-method signature="verifyTaskpagelable()[pri:1, instance:com.FreeCRM.testcases.TaskPageTest@7e928e2f]" started-at="2021-04-24T21:46:05 IST" name="verifyTaskpagelable" finished-at="2021-04-24T21:46:05 IST" duration-ms="196" status="PASS">
          <reporter-output>
          </reporter-output>
        </test-method> <!-- verifyTaskpagelable -->
        <test-method is-config="true" signature="closedBrowser()[pri:0, instance:com.FreeCRM.testcases.TaskPageTest@7e928e2f]" started-at="2021-04-24T21:46:05 IST" name="closedBrowser" finished-at="2021-04-24T21:46:07 IST" duration-ms="1703" status="PASS">
          <reporter-output>
          </reporter-output>
        </test-method> <!-- closedBrowser -->
        <test-method is-config="true" signature="setUp()[pri:0, instance:com.FreeCRM.testcases.TaskPageTest@7e928e2f]" started-at="2021-04-24T21:46:07 IST" name="setUp" finished-at="2021-04-24T21:46:43 IST" duration-ms="36067" status="PASS">
          <reporter-output>
          </reporter-output>
        </test-method> <!-- setUp -->
        <test-method signature="taskPageTest(java.util.Hashtable)[pri:2, instance:com.FreeCRM.testcases.TaskPageTest@7e928e2f]" started-at="2021-04-24T21:46:43 IST" name="taskPageTest" data-provider="dp" finished-at="2021-04-24T21:47:14 IST" duration-ms="30267" status="FAIL">
          <params>
            <param index="0">
              <value>
                <![CDATA[{type=Technical Support, title=Rohit }]]>
              </value>
            </param>
          </params>
          <exception class="org.openqa.selenium.NoSuchElementException">
            <message>
              <![CDATA[no such element: Unable to locate element: {"method":"xpath","selector":"//input[@name='title']"}
  (Session info: chrome=90.0.4430.85)
For documentation on this error, please visit: https://selenium.dev/exceptions/#no_such_element
Build info: version: '4.0.0-beta-2', revision: '4ec0cfc112'
System info: host: 'MacBook-Pro.local', ip: '192.168.1.14', os.name: 'Mac OS X', os.arch: 'x86_64', os.version: '10.13.6', java.version: '11.0.10'
Driver info: org.openqa.selenium.chrome.ChromeDriver
Command: [9647542ac0b31ac263412c7a5b6eb96b, findElement {using=xpath, value=//input[@name='title']}]
Capabilities {acceptInsecureCerts: false, browserName: chrome, browserVersion: 90.0.4430.85, chrome: {chromedriverVersion: 90.0.4430.24 (4c6d850f087da..., userDataDir: /var/folders/06/36qh6q5947b...}, goog:chromeOptions: {debuggerAddress: localhost:54025}, javascriptEnabled: true, networkConnectionEnabled: false, pageLoadStrategy: normal, platform: MAC, platformName: MAC, proxy: Proxy(), setWindowRect: true, strictFileInteractability: false, timeouts: {implicit: 0, pageLoad: 300000, script: 30000}, unhandledPromptBehavior: dismiss and notify, webauthn:extension:largeBlob: true, webauthn:virtualAuthenticators: true}
Session ID: 9647542ac0b31ac263412c7a5b6eb96b]]>
            </message>
            <full-stacktrace>
              <![CDATA[org.openqa.selenium.NoSuchElementException: no such element: Unable to locate element: {"method":"xpath","selector":"//input[@name='title']"}
  (Session info: chrome=90.0.4430.85)
For documentation on this error, please visit: https://selenium.dev/exceptions/#no_such_element
Build info: version: '4.0.0-beta-2', revision: '4ec0cfc112'
System info: host: 'MacBook-Pro.local', ip: '192.168.1.14', os.name: 'Mac OS X', os.arch: 'x86_64', os.version: '10.13.6', java.version: '11.0.10'
Driver info: org.openqa.selenium.chrome.ChromeDriver
Command: [9647542ac0b31ac263412c7a5b6eb96b, findElement {using=xpath, value=//input[@name='title']}]
Capabilities {acceptInsecureCerts: false, browserName: chrome, browserVersion: 90.0.4430.85, chrome: {chromedriverVersion: 90.0.4430.24 (4c6d850f087da..., userDataDir: /var/folders/06/36qh6q5947b...}, goog:chromeOptions: {debuggerAddress: localhost:54025}, javascriptEnabled: true, networkConnectionEnabled: false, pageLoadStrategy: normal, platform: MAC, platformName: MAC, proxy: Proxy(), setWindowRect: true, strictFileInteractability: false, timeouts: {implicit: 0, pageLoad: 300000, script: 30000}, unhandledPromptBehavior: dismiss and notify, webauthn:extension:largeBlob: true, webauthn:virtualAuthenticators: true}
Session ID: 9647542ac0b31ac263412c7a5b6eb96b
at java.base/jdk.internal.reflect.NativeConstructorAccessorImpl.newInstance0(Native Method)
at java.base/jdk.internal.reflect.NativeConstructorAccessorImpl.newInstance(NativeConstructorAccessorImpl.java:62)
at java.base/jdk.internal.reflect.DelegatingConstructorAccessorImpl.newInstance(DelegatingConstructorAccessorImpl.java:45)
at java.base/java.lang.reflect.Constructor.newInstance(Constructor.java:490)
at org.openqa.selenium.remote.codec.w3c.W3CHttpResponseCodec.createException(W3CHttpResponseCodec.java:195)
at org.openqa.selenium.remote.codec.w3c.W3CHttpResponseCodec.decode(W3CHttpResponseCodec.java:128)
at org.openqa.selenium.remote.codec.w3c.W3CHttpResponseCodec.decode(W3CHttpResponseCodec.java:52)
at org.openqa.selenium.remote.HttpCommandExecutor.execute(HttpCommandExecutor.java:187)
at org.openqa.selenium.remote.service.DriverCommandExecutor.invokeExecute(DriverCommandExecutor.java:153)
at org.openqa.selenium.remote.service.DriverCommandExecutor.execute(DriverCommandExecutor.java:128)
at org.openqa.selenium.remote.RemoteWebDriver.execute(RemoteWebDriver.java:620)
at org.openqa.selenium.remote.RemoteWebDriver$Mechanism$2.findElement(RemoteWebDriver.java:1259)
at org.openqa.selenium.remote.RemoteWebDriver.findElement(RemoteWebDriver.java:388)
at org.openqa.selenium.remote.RemoteWebDriver.findElement(RemoteWebDriver.java:382)
at org.openqa.selenium.support.pagefactory.DefaultElementLocator.findElement(DefaultElementLocator.java:70)
at org.openqa.selenium.support.pagefactory.internal.LocatingElementHandler.invoke(LocatingElementHandler.java:39)
at com.sun.proxy.$Proxy17.sendKeys(Unknown Source)
at com.freeCRM.pages.TaskPage.createNewTask(TaskPage.java:46)
at com.FreeCRM.testcases.TaskPageTest.taskPageTest(TaskPageTest.java:45)
at java.base/jdk.internal.reflect.NativeMethodAccessorImpl.invoke0(Native Method)
at java.base/jdk.internal.reflect.NativeMethodAccessorImpl.invoke(NativeMethodAccessorImpl.java:62)
at java.base/jdk.internal.reflect.DelegatingMethodAccessorImpl.invoke(DelegatingMethodAccessorImpl.java:43)
at java.base/java.lang.reflect.Method.invoke(Method.java:566)
at org.testng.internal.MethodInvocationHelper.invokeMethod(MethodInvocationHelper.java:133)
at org.testng.internal.TestInvoker.invokeMethod(TestInvoker.java:598)
at org.testng.internal.TestInvoker.invokeTestMethod(TestInvoker.java:173)
at org.testng.internal.MethodRunner.runInSequence(MethodRunner.java:46)
at org.testng.internal.TestInvoker$MethodInvocationAgent.invoke(TestInvoker.java:824)
at org.testng.internal.TestInvoker.invokeTestMethods(TestInvoker.java:146)
at org.testng.internal.TestMethodWorker.invokeTestMethods(TestMethodWorker.java:146)
at org.testng.internal.TestMethodWorker.run(TestMethodWorker.java:128)
at java.base/java.util.ArrayList.forEach(ArrayList.java:1541)
at org.testng.TestRunner.privateRun(TestRunner.java:794)
at org.testng.TestRunner.run(TestRunner.java:596)
at org.testng.SuiteRunner.runTest(SuiteRunner.java:377)
at org.testng.SuiteRunner.runSequentially(SuiteRunner.java:371)
at org.testng.SuiteRunner.privateRun(SuiteRunner.java:332)
at org.testng.SuiteRunner.run(SuiteRunner.java:276)
at org.testng.SuiteRunnerWorker.runSuite(SuiteRunnerWorker.java:53)
at org.testng.SuiteRunnerWorker.run(SuiteRunnerWorker.java:96)
at org.testng.TestNG.runSuitesSequentially(TestNG.java:1212)
at org.testng.TestNG.runSuitesLocally(TestNG.java:1134)
at org.testng.TestNG.runSuites(TestNG.java:1063)
at org.testng.TestNG.run(TestNG.java:1031)
at org.testng.remote.AbstractRemoteTestNG.run(AbstractRemoteTestNG.java:115)
at org.testng.remote.RemoteTestNG.initAndRun(RemoteTestNG.java:251)
at org.testng.remote.RemoteTestNG.main(RemoteTestNG.java:77)
]]>
            </full-stacktrace>
          </exception> <!-- org.openqa.selenium.NoSuchElementException -->
          <reporter-output>
          </reporter-output>
        </test-method> <!-- taskPageTest -->
        <test-method is-config="true" signature="closedBrowser()[pri:0, instance:com.FreeCRM.testcases.TaskPageTest@7e928e2f]" started-at="2021-04-24T21:47:14 IST" name="closedBrowser" finished-at="2021-04-24T21:47:14 IST" duration-ms="443" status="PASS">
          <reporter-output>
          </reporter-output>
        </test-method> <!-- closedBrowser -->
      </class> <!-- com.FreeCRM.testcases.TaskPageTest -->
    </test> <!-- Default test -->
  </suite> <!-- Default suite -->
</testng-results>
